<?xml version="1.0" encoding="UTF-8"?>
<!-- Generated by org.testng.reporters.JUnitReportReporter -->
<testsuite skipped="0" hostname="UTISLAPTOP54" name="org.test.jira.LoginAPI.LoginToJira" tests="1" failures="0" timestamp="18 May 2020 16:34:55 GMT" time="4.188" errors="0">
  <testcase name="LoginAuthAPI" time="4.188" classname="org.test.jira.LoginAPI.LoginToJira"/>
</testsuite> <!-- org.test.jira.LoginAPI.LoginToJira -->
