<?xml version="1.0" encoding="UTF-8"?>
<!-- Generated by org.testng.reporters.JUnitReportReporter -->
<testsuite skipped="0" hostname="UTISLAPTOP54" name="org.test.jira.IssueAPI.DeleteIssue" tests="1" failures="0" timestamp="20 May 2020 07:41:55 GMT" time="0.265" errors="0">
  <testcase name="DeleteIssueTest" time="0.265" classname="org.test.jira.IssueAPI.DeleteIssue"/>
</testsuite> <!-- org.test.jira.IssueAPI.DeleteIssue -->
